  Bank.cpp
A:\Dysk Google\Studia Materiały Informatyka\Programowanie\II & IV_[C++] Dudek\Filip_Cholewczuk_L4-6\Monopoly\Monopoly\Country.h(26,14): error C2065: 'Property': undeclared identifier
A:\Dysk Google\Studia Materiały Informatyka\Programowanie\II & IV_[C++] Dudek\Filip_Cholewczuk_L4-6\Monopoly\Monopoly\Country.h(26,23): error C2059: syntax error: '>'
A:\Dysk Google\Studia Materiały Informatyka\Programowanie\II & IV_[C++] Dudek\Filip_Cholewczuk_L4-6\Monopoly\Monopoly\Bank.h(11,78): error C2248: 'Nieruchomosc::sellProperty': cannot access private member declared in class 'Nieruchomosc'
A:\Dysk Google\Studia Materiały Informatyka\Programowanie\II & IV_[C++] Dudek\Filip_Cholewczuk_L4-6\Monopoly\Monopoly\Nieruchomosc.h(34): message : see declaration of 'Nieruchomosc::sellProperty'
A:\Dysk Google\Studia Materiały Informatyka\Programowanie\II & IV_[C++] Dudek\Filip_Cholewczuk_L4-6\Monopoly\Monopoly\Nieruchomosc.h(9): message : see declaration of 'Nieruchomosc'
A:\Dysk Google\Studia Materiały Informatyka\Programowanie\II & IV_[C++] Dudek\Filip_Cholewczuk_L4-6\Monopoly\Monopoly\Bank.h(12,89): error C2248: 'NieruchomoscOgraniczona::sellProperty': cannot access private member declared in class 'NieruchomoscOgraniczona'
A:\Dysk Google\Studia Materiały Informatyka\Programowanie\II & IV_[C++] Dudek\Filip_Cholewczuk_L4-6\Monopoly\Monopoly\NieruchomoscOgraniczona.h(30): message : see declaration of 'NieruchomoscOgraniczona::sellProperty'
A:\Dysk Google\Studia Materiały Informatyka\Programowanie\II & IV_[C++] Dudek\Filip_Cholewczuk_L4-6\Monopoly\Monopoly\NieruchomoscOgraniczona.h(8): message : see declaration of 'NieruchomoscOgraniczona'
A:\Dysk Google\Studia Materiały Informatyka\Programowanie\II & IV_[C++] Dudek\Filip_Cholewczuk_L4-6\Monopoly\Monopoly\Bank.h(29,2): warning C4091: 'static ': ignored on left of 'Bank' when no variable is declared
A:\Dysk Google\Studia Materiały Informatyka\Programowanie\II & IV_[C++] Dudek\Filip_Cholewczuk_L4-6\Monopoly\Monopoly\Bank.cpp(7,12): error C2248: 'Player::account': cannot access private member declared in class 'Player'
A:\Dysk Google\Studia Materiały Informatyka\Programowanie\II & IV_[C++] Dudek\Filip_Cholewczuk_L4-6\Monopoly\Monopoly\Player.h(27): message : see declaration of 'Player::account'
A:\Dysk Google\Studia Materiały Informatyka\Programowanie\II & IV_[C++] Dudek\Filip_Cholewczuk_L4-6\Monopoly\Monopoly\Player.h(6): message : see declaration of 'Player'
  Country.cpp
A:\Dysk Google\Studia Materiały Informatyka\Programowanie\II & IV_[C++] Dudek\Filip_Cholewczuk_L4-6\Monopoly\Monopoly\Pole.h(17,27): error C2061: syntax error: identifier 'Player'
A:\Dysk Google\Studia Materiały Informatyka\Programowanie\II & IV_[C++] Dudek\Filip_Cholewczuk_L4-6\Monopoly\Monopoly\Nieruchomosc.h(12,102): error C2061: syntax error: identifier 'Country'
A:\Dysk Google\Studia Materiały Informatyka\Programowanie\II & IV_[C++] Dudek\Filip_Cholewczuk_L4-6\Monopoly\Monopoly\Nieruchomosc.h(22,8): error C2143: syntax error: missing ';' before '*'
A:\Dysk Google\Studia Materiały Informatyka\Programowanie\II & IV_[C++] Dudek\Filip_Cholewczuk_L4-6\Monopoly\Monopoly\Nieruchomosc.h(22,8): error C4430: missing type specifier - int assumed. Note: C++ does not support default-int
A:\Dysk Google\Studia Materiały Informatyka\Programowanie\II & IV_[C++] Dudek\Filip_Cholewczuk_L4-6\Monopoly\Monopoly\Nieruchomosc.h(22,50): error C2238: unexpected token(s) preceding ';'
A:\Dysk Google\Studia Materiały Informatyka\Programowanie\II & IV_[C++] Dudek\Filip_Cholewczuk_L4-6\Monopoly\Monopoly\Nieruchomosc.h(23,25): error C2061: syntax error: identifier 'Player'
A:\Dysk Google\Studia Materiały Informatyka\Programowanie\II & IV_[C++] Dudek\Filip_Cholewczuk_L4-6\Monopoly\Monopoly\Nieruchomosc.h(24,21): error C2061: syntax error: identifier 'Player'
A:\Dysk Google\Studia Materiały Informatyka\Programowanie\II & IV_[C++] Dudek\Filip_Cholewczuk_L4-6\Monopoly\Monopoly\Nieruchomosc.h(25,23): error C2061: syntax error: identifier 'Player'
A:\Dysk Google\Studia Materiały Informatyka\Programowanie\II & IV_[C++] Dudek\Filip_Cholewczuk_L4-6\Monopoly\Monopoly\Nieruchomosc.h(34,26): error C2061: syntax error: identifier 'Player'
A:\Dysk Google\Studia Materiały Informatyka\Programowanie\II & IV_[C++] Dudek\Filip_Cholewczuk_L4-6\Monopoly\Monopoly\Nieruchomosc.h(44,8): error C2143: syntax error: missing ';' before '*'
A:\Dysk Google\Studia Materiały Informatyka\Programowanie\II & IV_[C++] Dudek\Filip_Cholewczuk_L4-6\Monopoly\Monopoly\Nieruchomosc.h(44,8): error C4430: missing type specifier - int assumed. Note: C++ does not support default-int
A:\Dysk Google\Studia Materiały Informatyka\Programowanie\II & IV_[C++] Dudek\Filip_Cholewczuk_L4-6\Monopoly\Monopoly\Nieruchomosc.h(44,15): error C2238: unexpected token(s) preceding ';'
A:\Dysk Google\Studia Materiały Informatyka\Programowanie\II & IV_[C++] Dudek\Filip_Cholewczuk_L4-6\Monopoly\Monopoly\Nieruchomosc.h(45,9): error C2143: syntax error: missing ';' before '*'
A:\Dysk Google\Studia Materiały Informatyka\Programowanie\II & IV_[C++] Dudek\Filip_Cholewczuk_L4-6\Monopoly\Monopoly\Nieruchomosc.h(45,9): error C4430: missing type specifier - int assumed. Note: C++ does not support default-int
A:\Dysk Google\Studia Materiały Informatyka\Programowanie\II & IV_[C++] Dudek\Filip_Cholewczuk_L4-6\Monopoly\Monopoly\Nieruchomosc.h(45,18): error C2238: unexpected token(s) preceding ';'
A:\Dysk Google\Studia Materiały Informatyka\Programowanie\II & IV_[C++] Dudek\Filip_Cholewczuk_L4-6\Monopoly\Monopoly\NieruchomoscOgraniczona.h(11,113): error C2061: syntax error: identifier 'Country'
A:\Dysk Google\Studia Materiały Informatyka\Programowanie\II & IV_[C++] Dudek\Filip_Cholewczuk_L4-6\Monopoly\Monopoly\NieruchomoscOgraniczona.h(20,8): error C2143: syntax error: missing ';' before '*'
A:\Dysk Google\Studia Materiały Informatyka\Programowanie\II & IV_[C++] Dudek\Filip_Cholewczuk_L4-6\Monopoly\Monopoly\NieruchomoscOgraniczona.h(20,8): error C4430: missing type specifier - int assumed. Note: C++ does not support default-int
A:\Dysk Google\Studia Materiały Informatyka\Programowanie\II & IV_[C++] Dudek\Filip_Cholewczuk_L4-6\Monopoly\Monopoly\NieruchomoscOgraniczona.h(20,50): error C2238: unexpected token(s) preceding ';'
A:\Dysk Google\Studia Materiały Informatyka\Programowanie\II & IV_[C++] Dudek\Filip_Cholewczuk_L4-6\Monopoly\Monopoly\NieruchomoscOgraniczona.h(21,25): error C2061: syntax error: identifier 'Player'
A:\Dysk Google\Studia Materiały Informatyka\Programowanie\II & IV_[C++] Dudek\Filip_Cholewczuk_L4-6\Monopoly\Monopoly\NieruchomoscOgraniczona.h(30,26): error C2061: syntax error: identifier 'Player'
A:\Dysk Google\Studia Materiały Informatyka\Programowanie\II & IV_[C++] Dudek\Filip_Cholewczuk_L4-6\Monopoly\Monopoly\NieruchomoscOgraniczona.h(39,8): error C2143: syntax error: missing ';' before '*'
A:\Dysk Google\Studia Materiały Informatyka\Programowanie\II & IV_[C++] Dudek\Filip_Cholewczuk_L4-6\Monopoly\Monopoly\NieruchomoscOgraniczona.h(39,8): error C4430: missing type specifier - int assumed. Note: C++ does not support default-int
A:\Dysk Google\Studia Materiały Informatyka\Programowanie\II & IV_[C++] Dudek\Filip_Cholewczuk_L4-6\Monopoly\Monopoly\NieruchomoscOgraniczona.h(39,15): error C2238: unexpected token(s) preceding ';'
A:\Dysk Google\Studia Materiały Informatyka\Programowanie\II & IV_[C++] Dudek\Filip_Cholewczuk_L4-6\Monopoly\Monopoly\NieruchomoscOgraniczona.h(40,9): error C2143: syntax error: missing ';' before '*'
A:\Dysk Google\Studia Materiały Informatyka\Programowanie\II & IV_[C++] Dudek\Filip_Cholewczuk_L4-6\Monopoly\Monopoly\NieruchomoscOgraniczona.h(40,9): error C4430: missing type specifier - int assumed. Note: C++ does not support default-int
A:\Dysk Google\Studia Materiały Informatyka\Programowanie\II & IV_[C++] Dudek\Filip_Cholewczuk_L4-6\Monopoly\Monopoly\NieruchomoscOgraniczona.h(40,18): error C2238: unexpected token(s) preceding ';'
A:\Dysk Google\Studia Materiały Informatyka\Programowanie\II & IV_[C++] Dudek\Filip_Cholewczuk_L4-6\Monopoly\Monopoly\Bank.h(8,46): error C2061: syntax error: identifier 'Player'
A:\Dysk Google\Studia Materiały Informatyka\Programowanie\II & IV_[C++] Dudek\Filip_Cholewczuk_L4-6\Monopoly\Monopoly\Bank.h(9,57): error C2061: syntax error: identifier 'Player'
A:\Dysk Google\Studia Materiały Informatyka\Programowanie\II & IV_[C++] Dudek\Filip_Cholewczuk_L4-6\Monopoly\Monopoly\Bank.h(11,47): error C2061: syntax error: identifier 'Player'
A:\Dysk Google\Studia Materiały Informatyka\Programowanie\II & IV_[C++] Dudek\Filip_Cholewczuk_L4-6\Monopoly\Monopoly\Bank.h(11,78): error C2248: 'Nieruchomosc::sellProperty': cannot access private member declared in class 'Nieruchomosc'
A:\Dysk Google\Studia Materiały Informatyka\Programowanie\II & IV_[C++] Dudek\Filip_Cholewczuk_L4-6\Monopoly\Monopoly\Nieruchomosc.h(34): message : see declaration of 'Nieruchomosc::sellProperty'
A:\Dysk Google\Studia Materiały Informatyka\Programowanie\II & IV_[C++] Dudek\Filip_Cholewczuk_L4-6\Monopoly\Monopoly\Nieruchomosc.h(9): message : see declaration of 'Nieruchomosc'
A:\Dysk Google\Studia Materiały Informatyka\Programowanie\II & IV_[C++] Dudek\Filip_Cholewczuk_L4-6\Monopoly\Monopoly\Bank.h(12,58): error C2061: syntax error: identifier 'Player'
A:\Dysk Google\Studia Materiały Informatyka\Programowanie\II & IV_[C++] Dudek\Filip_Cholewczuk_L4-6\Monopoly\Monopoly\Bank.h(12,89): error C2248: 'NieruchomoscOgraniczona::sellProperty': cannot access private member declared in class 'NieruchomoscOgraniczona'
A:\Dysk Google\Studia Materiały Informatyka\Programowanie\II & IV_[C++] Dudek\Filip_Cholewczuk_L4-6\Monopoly\Monopoly\NieruchomoscOgraniczona.h(30): message : see declaration of 'NieruchomoscOgraniczona::sellProperty'
A:\Dysk Google\Studia Materiały Informatyka\Programowanie\II & IV_[C++] Dudek\Filip_Cholewczuk_L4-6\Monopoly\Monopoly\NieruchomoscOgraniczona.h(8): message : see declaration of 'NieruchomoscOgraniczona'
A:\Dysk Google\Studia Materiały Informatyka\Programowanie\II & IV_[C++] Dudek\Filip_Cholewczuk_L4-6\Monopoly\Monopoly\Bank.h(17,15): error C2143: syntax error: missing ';' before '*'
A:\Dysk Google\Studia Materiały Informatyka\Programowanie\II & IV_[C++] Dudek\Filip_Cholewczuk_L4-6\Monopoly\Monopoly\Bank.h(17,15): error C2433: 'Player': 'friend' not permitted on data declarations
A:\Dysk Google\Studia Materiały Informatyka\Programowanie\II & IV_[C++] Dudek\Filip_Cholewczuk_L4-6\Monopoly\Monopoly\Bank.h(17,15): error C4430: missing type specifier - int assumed. Note: C++ does not support default-int
A:\Dysk Google\Studia Materiały Informatyka\Programowanie\II & IV_[C++] Dudek\Filip_Cholewczuk_L4-6\Monopoly\Monopoly\Bank.h(17,31): error C2039: 'checkOwnership': is not a member of 'Nieruchomosc'
A:\Dysk Google\Studia Materiały Informatyka\Programowanie\II & IV_[C++] Dudek\Filip_Cholewczuk_L4-6\Monopoly\Monopoly\Nieruchomosc.h(9): message : see declaration of 'Nieruchomosc'
A:\Dysk Google\Studia Materiały Informatyka\Programowanie\II & IV_[C++] Dudek\Filip_Cholewczuk_L4-6\Monopoly\Monopoly\Bank.h(17,71): error C2238: unexpected token(s) preceding ';'
A:\Dysk Google\Studia Materiały Informatyka\Programowanie\II & IV_[C++] Dudek\Filip_Cholewczuk_L4-6\Monopoly\Monopoly\Bank.h(18,15): error C2143: syntax error: missing ';' before '*'
A:\Dysk Google\Studia Materiały Informatyka\Programowanie\II & IV_[C++] Dudek\Filip_Cholewczuk_L4-6\Monopoly\Monopoly\Bank.h(18,15): error C2433: 'Player': 'friend' not permitted on data declarations
A:\Dysk Google\Studia Materiały Informatyka\Programowanie\II & IV_[C++] Dudek\Filip_Cholewczuk_L4-6\Monopoly\Monopoly\Bank.h(18,15): error C4430: missing type specifier - int assumed. Note: C++ does not support default-int
A:\Dysk Google\Studia Materiały Informatyka\Programowanie\II & IV_[C++] Dudek\Filip_Cholewczuk_L4-6\Monopoly\Monopoly\Bank.h(18,42): error C2039: 'checkOwnership': is not a member of 'NieruchomoscOgraniczona'
A:\Dysk Google\Studia Materiały Informatyka\Programowanie\II & IV_[C++] Dudek\Filip_Cholewczuk_L4-6\Monopoly\Monopoly\NieruchomoscOgraniczona.h(8): message : see declaration of 'NieruchomoscOgraniczona'
A:\Dysk Google\Studia Materiały Informatyka\Programowanie\II & IV_[C++] Dudek\Filip_Cholewczuk_L4-6\Monopoly\Monopoly\Bank.h(18,82): error C2238: unexpected token(s) preceding ';'
A:\Dysk Google\Studia Materiały Informatyka\Programowanie\II & IV_[C++] Dudek\Filip_Cholewczuk_L4-6\Monopoly\Monopoly\Bank.h(20,42): error C2061: syntax error: identifier 'Player'
A:\Dysk Google\Studia Materiały Informatyka\Programowanie\II & IV_[C++] Dudek\Filip_Cholewczuk_L4-6\Monopoly\Monopoly\Bank.h(21,44): error C2061: syntax error: identifier 'Player'
A:\Dysk Google\Studia Materiały Informatyka\Programowanie\II & IV_[C++] Dudek\Filip_Cholewczuk_L4-6\Monopoly\Monopoly\Bank.h(25,35): error C2061: syntax error: identifier 'Player'
A:\Dysk Google\Studia Materiały Informatyka\Programowanie\II & IV_[C++] Dudek\Filip_Cholewczuk_L4-6\Monopoly\Monopoly\Bank.h(26,33): error C2061: syntax error: identifier 'Player'
A:\Dysk Google\Studia Materiały Informatyka\Programowanie\II & IV_[C++] Dudek\Filip_Cholewczuk_L4-6\Monopoly\Monopoly\Bank.h(27,34): error C2061: syntax error: identifier 'Player'
A:\Dysk Google\Studia Materiały Informatyka\Programowanie\II & IV_[C++] Dudek\Filip_Cholewczuk_L4-6\Monopoly\Monopoly\Bank.h(29,2): warning C4091: 'static ': ignored on left of 'Bank' when no variable is declared
A:\Dysk Google\Studia Materiały Informatyka\Programowanie\II & IV_[C++] Dudek\Filip_Cholewczuk_L4-6\Monopoly\Monopoly\Country.h(16,8): error C2143: syntax error: missing ';' before '*'
A:\Dysk Google\Studia Materiały Informatyka\Programowanie\II & IV_[C++] Dudek\Filip_Cholewczuk_L4-6\Monopoly\Monopoly\Country.h(16,8): error C4430: missing type specifier - int assumed. Note: C++ does not support default-int
A:\Dysk Google\Studia Materiały Informatyka\Programowanie\II & IV_[C++] Dudek\Filip_Cholewczuk_L4-6\Monopoly\Monopoly\Country.h(16,20): error C2238: unexpected token(s) preceding ';'
A:\Dysk Google\Studia Materiały Informatyka\Programowanie\II & IV_[C++] Dudek\Filip_Cholewczuk_L4-6\Monopoly\Monopoly\Country.h(26,14): error C2065: 'Property': undeclared identifier
A:\Dysk Google\Studia Materiały Informatyka\Programowanie\II & IV_[C++] Dudek\Filip_Cholewczuk_L4-6\Monopoly\Monopoly\Country.h(26,23): error C2059: syntax error: '>'
A:\Dysk Google\Studia Materiały Informatyka\Programowanie\II & IV_[C++] Dudek\Filip_Cholewczuk_L4-6\Monopoly\Monopoly\Country.h(27,8): error C2143: syntax error: missing ';' before '*'
A:\Dysk Google\Studia Materiały Informatyka\Programowanie\II & IV_[C++] Dudek\Filip_Cholewczuk_L4-6\Monopoly\Monopoly\Country.h(27,8): error C4430: missing type specifier - int assumed. Note: C++ does not support default-int
A:\Dysk Google\Studia Materiały Informatyka\Programowanie\II & IV_[C++] Dudek\Filip_Cholewczuk_L4-6\Monopoly\Monopoly\Country.h(27,15): error C2238: unexpected token(s) preceding ';'
A:\Dysk Google\Studia Materiały Informatyka\Programowanie\II & IV_[C++] Dudek\Filip_Cholewczuk_L4-6\Monopoly\Monopoly\Country.cpp(8,54): error C2065: 'Property': undeclared identifier
A:\Dysk Google\Studia Materiały Informatyka\Programowanie\II & IV_[C++] Dudek\Filip_Cholewczuk_L4-6\Monopoly\Monopoly\Country.cpp(8,63): error C2059: syntax error: '>'
A:\Dysk Google\Studia Materiały Informatyka\Programowanie\II & IV_[C++] Dudek\Filip_Cholewczuk_L4-6\Monopoly\Monopoly\Country.cpp(8,102): error C2511: 'Country::Country(std::string,unknown-type,unsigned int)': overloaded member function not found in 'Country'
A:\Dysk Google\Studia Materiały Informatyka\Programowanie\II & IV_[C++] Dudek\Filip_Cholewczuk_L4-6\Monopoly\Monopoly\Country.h(7): message : see declaration of 'Country'
A:\Dysk Google\Studia Materiały Informatyka\Programowanie\II & IV_[C++] Dudek\Filip_Cholewczuk_L4-6\Monopoly\Monopoly\Country.cpp(9,1): error C2550: 'Country::{ctor}': constructor initializer lists are only allowed on constructor definitions
A:\Dysk Google\Studia Materiały Informatyka\Programowanie\II & IV_[C++] Dudek\Filip_Cholewczuk_L4-6\Monopoly\Monopoly\Country.cpp(10,9): error C2065: 'number': undeclared identifier
A:\Dysk Google\Studia Materiały Informatyka\Programowanie\II & IV_[C++] Dudek\Filip_Cholewczuk_L4-6\Monopoly\Monopoly\Country.cpp(11,2): error C2065: 'owner': undeclared identifier
  Monopoly.cpp
A:\Dysk Google\Studia Materiały Informatyka\Programowanie\II & IV_[C++] Dudek\Filip_Cholewczuk_L4-6\Monopoly\Monopoly\Pole.h(17,27): error C2061: syntax error: identifier 'Player'
A:\Dysk Google\Studia Materiały Informatyka\Programowanie\II & IV_[C++] Dudek\Filip_Cholewczuk_L4-6\Monopoly\Monopoly\Country.h(16,8): error C2143: syntax error: missing ';' before '*'
A:\Dysk Google\Studia Materiały Informatyka\Programowanie\II & IV_[C++] Dudek\Filip_Cholewczuk_L4-6\Monopoly\Monopoly\Country.h(16,8): error C4430: missing type specifier - int assumed. Note: C++ does not support default-int
A:\Dysk Google\Studia Materiały Informatyka\Programowanie\II & IV_[C++] Dudek\Filip_Cholewczuk_L4-6\Monopoly\Monopoly\Country.h(16,20): error C2238: unexpected token(s) preceding ';'
A:\Dysk Google\Studia Materiały Informatyka\Programowanie\II & IV_[C++] Dudek\Filip_Cholewczuk_L4-6\Monopoly\Monopoly\Country.h(26,14): error C2065: 'Property': undeclared identifier
A:\Dysk Google\Studia Materiały Informatyka\Programowanie\II & IV_[C++] Dudek\Filip_Cholewczuk_L4-6\Monopoly\Monopoly\Country.h(26,23): error C2059: syntax error: '>'
A:\Dysk Google\Studia Materiały Informatyka\Programowanie\II & IV_[C++] Dudek\Filip_Cholewczuk_L4-6\Monopoly\Monopoly\Country.h(27,8): error C2143: syntax error: missing ';' before '*'
A:\Dysk Google\Studia Materiały Informatyka\Programowanie\II & IV_[C++] Dudek\Filip_Cholewczuk_L4-6\Monopoly\Monopoly\Country.h(27,8): error C4430: missing type specifier - int assumed. Note: C++ does not support default-int
A:\Dysk Google\Studia Materiały Informatyka\Programowanie\II & IV_[C++] Dudek\Filip_Cholewczuk_L4-6\Monopoly\Monopoly\Country.h(27,15): error C2238: unexpected token(s) preceding ';'
A:\Dysk Google\Studia Materiały Informatyka\Programowanie\II & IV_[C++] Dudek\Filip_Cholewczuk_L4-6\Monopoly\Monopoly\Nieruchomosc.h(22,8): error C2143: syntax error: missing ';' before '*'
A:\Dysk Google\Studia Materiały Informatyka\Programowanie\II & IV_[C++] Dudek\Filip_Cholewczuk_L4-6\Monopoly\Monopoly\Nieruchomosc.h(22,8): error C4430: missing type specifier - int assumed. Note: C++ does not support default-int
A:\Dysk Google\Studia Materiały Informatyka\Programowanie\II & IV_[C++] Dudek\Filip_Cholewczuk_L4-6\Monopoly\Monopoly\Nieruchomosc.h(22,50): error C2238: unexpected token(s) preceding ';'
A:\Dysk Google\Studia Materiały Informatyka\Programowanie\II & IV_[C++] Dudek\Filip_Cholewczuk_L4-6\Monopoly\Monopoly\Nieruchomosc.h(23,25): error C2061: syntax error: identifier 'Player'
A:\Dysk Google\Studia Materiały Informatyka\Programowanie\II & IV_[C++] Dudek\Filip_Cholewczuk_L4-6\Monopoly\Monopoly\Nieruchomosc.h(24,21): error C2061: syntax error: identifier 'Player'
A:\Dysk Google\Studia Materiały Informatyka\Programowanie\II & IV_[C++] Dudek\Filip_Cholewczuk_L4-6\Monopoly\Monopoly\Nieruchomosc.h(25,23): error C2061: syntax error: identifier 'Player'
A:\Dysk Google\Studia Materiały Informatyka\Programowanie\II & IV_[C++] Dudek\Filip_Cholewczuk_L4-6\Monopoly\Monopoly\Nieruchomosc.h(34,26): error C2061: syntax error: identifier 'Player'
A:\Dysk Google\Studia Materiały Informatyka\Programowanie\II & IV_[C++] Dudek\Filip_Cholewczuk_L4-6\Monopoly\Monopoly\Nieruchomosc.h(44,8): error C2143: syntax error: missing ';' before '*'
A:\Dysk Google\Studia Materiały Informatyka\Programowanie\II & IV_[C++] Dudek\Filip_Cholewczuk_L4-6\Monopoly\Monopoly\Nieruchomosc.h(44,8): error C4430: missing type specifier - int assumed. Note: C++ does not support default-int
A:\Dysk Google\Studia Materiały Informatyka\Programowanie\II & IV_[C++] Dudek\Filip_Cholewczuk_L4-6\Monopoly\Monopoly\Nieruchomosc.h(44,15): error C2238: unexpected token(s) preceding ';'
A:\Dysk Google\Studia Materiały Informatyka\Programowanie\II & IV_[C++] Dudek\Filip_Cholewczuk_L4-6\Monopoly\Monopoly\NieruchomoscOgraniczona.h(20,8): error C2143: syntax error: missing ';' before '*'
A:\Dysk Google\Studia Materiały Informatyka\Programowanie\II & IV_[C++] Dudek\Filip_Cholewczuk_L4-6\Monopoly\Monopoly\NieruchomoscOgraniczona.h(20,8): error C4430: missing type specifier - int assumed. Note: C++ does not support default-int
A:\Dysk Google\Studia Materiały Informatyka\Programowanie\II & IV_[C++] Dudek\Filip_Cholewczuk_L4-6\Monopoly\Monopoly\NieruchomoscOgraniczona.h(20,50): error C2238: unexpected token(s) preceding ';'
A:\Dysk Google\Studia Materiały Informatyka\Programowanie\II & IV_[C++] Dudek\Filip_Cholewczuk_L4-6\Monopoly\Monopoly\NieruchomoscOgraniczona.h(21,25): error C2061: syntax error: identifier 'Player'
A:\Dysk Google\Studia Materiały Informatyka\Programowanie\II & IV_[C++] Dudek\Filip_Cholewczuk_L4-6\Monopoly\Monopoly\NieruchomoscOgraniczona.h(30,26): error C2061: syntax error: identifier 'Player'
A:\Dysk Google\Studia Materiały Informatyka\Programowanie\II & IV_[C++] Dudek\Filip_Cholewczuk_L4-6\Monopoly\Monopoly\NieruchomoscOgraniczona.h(39,8): error C2143: syntax error: missing ';' before '*'
A:\Dysk Google\Studia Materiały Informatyka\Programowanie\II & IV_[C++] Dudek\Filip_Cholewczuk_L4-6\Monopoly\Monopoly\NieruchomoscOgraniczona.h(39,8): error C4430: missing type specifier - int assumed. Note: C++ does not support default-int
A:\Dysk Google\Studia Materiały Informatyka\Programowanie\II & IV_[C++] Dudek\Filip_Cholewczuk_L4-6\Monopoly\Monopoly\NieruchomoscOgraniczona.h(39,15): error C2238: unexpected token(s) preceding ';'
A:\Dysk Google\Studia Materiały Informatyka\Programowanie\II & IV_[C++] Dudek\Filip_Cholewczuk_L4-6\Monopoly\Monopoly\Bank.h(8,46): error C2061: syntax error: identifier 'Player'
A:\Dysk Google\Studia Materiały Informatyka\Programowanie\II & IV_[C++] Dudek\Filip_Cholewczuk_L4-6\Monopoly\Monopoly\Bank.h(9,57): error C2061: syntax error: identifier 'Player'
A:\Dysk Google\Studia Materiały Informatyka\Programowanie\II & IV_[C++] Dudek\Filip_Cholewczuk_L4-6\Monopoly\Monopoly\Bank.h(11,47): error C2061: syntax error: identifier 'Player'
A:\Dysk Google\Studia Materiały Informatyka\Programowanie\II & IV_[C++] Dudek\Filip_Cholewczuk_L4-6\Monopoly\Monopoly\Bank.h(11,78): error C2248: 'Nieruchomosc::sellProperty': cannot access private member declared in class 'Nieruchomosc'
A:\Dysk Google\Studia Materiały Informatyka\Programowanie\II & IV_[C++] Dudek\Filip_Cholewczuk_L4-6\Monopoly\Monopoly\Nieruchomosc.h(34): message : see declaration of 'Nieruchomosc::sellProperty'
A:\Dysk Google\Studia Materiały Informatyka\Programowanie\II & IV_[C++] Dudek\Filip_Cholewczuk_L4-6\Monopoly\Monopoly\Nieruchomosc.h(9): message : see declaration of 'Nieruchomosc'
A:\Dysk Google\Studia Materiały Informatyka\Programowanie\II & IV_[C++] Dudek\Filip_Cholewczuk_L4-6\Monopoly\Monopoly\Bank.h(12,58): error C2061: syntax error: identifier 'Player'
A:\Dysk Google\Studia Materiały Informatyka\Programowanie\II & IV_[C++] Dudek\Filip_Cholewczuk_L4-6\Monopoly\Monopoly\Bank.h(12,89): error C2248: 'NieruchomoscOgraniczona::sellProperty': cannot access private member declared in class 'NieruchomoscOgraniczona'
A:\Dysk Google\Studia Materiały Informatyka\Programowanie\II & IV_[C++] Dudek\Filip_Cholewczuk_L4-6\Monopoly\Monopoly\NieruchomoscOgraniczona.h(30): message : see declaration of 'NieruchomoscOgraniczona::sellProperty'
A:\Dysk Google\Studia Materiały Informatyka\Programowanie\II & IV_[C++] Dudek\Filip_Cholewczuk_L4-6\Monopoly\Monopoly\NieruchomoscOgraniczona.h(8): message : see declaration of 'NieruchomoscOgraniczona'
A:\Dysk Google\Studia Materiały Informatyka\Programowanie\II & IV_[C++] Dudek\Filip_Cholewczuk_L4-6\Monopoly\Monopoly\Bank.h(17,15): error C2143: syntax error: missing ';' before '*'
A:\Dysk Google\Studia Materiały Informatyka\Programowanie\II & IV_[C++] Dudek\Filip_Cholewczuk_L4-6\Monopoly\Monopoly\Bank.h(17,15): error C2433: 'Player': 'friend' not permitted on data declarations
A:\Dysk Google\Studia Materiały Informatyka\Programowanie\II & IV_[C++] Dudek\Filip_Cholewczuk_L4-6\Monopoly\Monopoly\Bank.h(17,15): error C4430: missing type specifier - int assumed. Note: C++ does not support default-int
A:\Dysk Google\Studia Materiały Informatyka\Programowanie\II & IV_[C++] Dudek\Filip_Cholewczuk_L4-6\Monopoly\Monopoly\Bank.h(17,31): error C2039: 'checkOwnership': is not a member of 'Nieruchomosc'
A:\Dysk Google\Studia Materiały Informatyka\Programowanie\II & IV_[C++] Dudek\Filip_Cholewczuk_L4-6\Monopoly\Monopoly\Nieruchomosc.h(9): message : see declaration of 'Nieruchomosc'
A:\Dysk Google\Studia Materiały Informatyka\Programowanie\II & IV_[C++] Dudek\Filip_Cholewczuk_L4-6\Monopoly\Monopoly\Bank.h(17,71): error C2238: unexpected token(s) preceding ';'
A:\Dysk Google\Studia Materiały Informatyka\Programowanie\II & IV_[C++] Dudek\Filip_Cholewczuk_L4-6\Monopoly\Monopoly\Bank.h(18,15): error C2143: syntax error: missing ';' before '*'
A:\Dysk Google\Studia Materiały Informatyka\Programowanie\II & IV_[C++] Dudek\Filip_Cholewczuk_L4-6\Monopoly\Monopoly\Bank.h(18,15): error C2433: 'Player': 'friend' not permitted on data declarations
A:\Dysk Google\Studia Materiały Informatyka\Programowanie\II & IV_[C++] Dudek\Filip_Cholewczuk_L4-6\Monopoly\Monopoly\Bank.h(18,15): error C4430: missing type specifier - int assumed. Note: C++ does not support default-int
A:\Dysk Google\Studia Materiały Informatyka\Programowanie\II & IV_[C++] Dudek\Filip_Cholewczuk_L4-6\Monopoly\Monopoly\Bank.h(18,42): error C2039: 'checkOwnership': is not a member of 'NieruchomoscOgraniczona'
A:\Dysk Google\Studia Materiały Informatyka\Programowanie\II & IV_[C++] Dudek\Filip_Cholewczuk_L4-6\Monopoly\Monopoly\NieruchomoscOgraniczona.h(8): message : see declaration of 'NieruchomoscOgraniczona'
A:\Dysk Google\Studia Materiały Informatyka\Programowanie\II & IV_[C++] Dudek\Filip_Cholewczuk_L4-6\Monopoly\Monopoly\Bank.h(18,82): error C2238: unexpected token(s) preceding ';'
A:\Dysk Google\Studia Materiały Informatyka\Programowanie\II & IV_[C++] Dudek\Filip_Cholewczuk_L4-6\Monopoly\Monopoly\Bank.h(20,42): error C2061: syntax error: identifier 'Player'
A:\Dysk Google\Studia Materiały Informatyka\Programowanie\II & IV_[C++] Dudek\Filip_Cholewczuk_L4-6\Monopoly\Monopoly\Bank.h(21,44): error C2061: syntax error: identifier 'Player'
A:\Dysk Google\Studia Materiały Informatyka\Programowanie\II & IV_[C++] Dudek\Filip_Cholewczuk_L4-6\Monopoly\Monopoly\Bank.h(25,35): error C2061: syntax error: identifier 'Player'
A:\Dysk Google\Studia Materiały Informatyka\Programowanie\II & IV_[C++] Dudek\Filip_Cholewczuk_L4-6\Monopoly\Monopoly\Bank.h(26,33): error C2061: syntax error: identifier 'Player'
A:\Dysk Google\Studia Materiały Informatyka\Programowanie\II & IV_[C++] Dudek\Filip_Cholewczuk_L4-6\Monopoly\Monopoly\Bank.h(27,34): error C2061: syntax error: identifier 'Player'
A:\Dysk Google\Studia Materiały Informatyka\Programowanie\II & IV_[C++] Dudek\Filip_Cholewczuk_L4-6\Monopoly\Monopoly\Bank.h(29,2): warning C4091: 'static ': ignored on left of 'Bank' when no variable is declared
A:\Dysk Google\Studia Materiały Informatyka\Programowanie\II & IV_[C++] Dudek\Filip_Cholewczuk_L4-6\Monopoly\Monopoly\SetupData.h(23,2): warning C4091: 'static ': ignored on left of 'SetupData' when no variable is declared
A:\Dysk Google\Studia Materiały Informatyka\Programowanie\II & IV_[C++] Dudek\Filip_Cholewczuk_L4-6\Monopoly\Monopoly\Monopoly.cpp(11,10): fatal error C1083: Cannot open include file: 'Kraj.h': No such file or directory
  Nieruchomosc.cpp
A:\Dysk Google\Studia Materiały Informatyka\Programowanie\II & IV_[C++] Dudek\Filip_Cholewczuk_L4-6\Monopoly\Monopoly\Country.h(26,14): error C2065: 'Property': undeclared identifier
A:\Dysk Google\Studia Materiały Informatyka\Programowanie\II & IV_[C++] Dudek\Filip_Cholewczuk_L4-6\Monopoly\Monopoly\Country.h(26,23): error C2059: syntax error: '>'
A:\Dysk Google\Studia Materiały Informatyka\Programowanie\II & IV_[C++] Dudek\Filip_Cholewczuk_L4-6\Monopoly\Monopoly\Bank.h(11,78): error C2248: 'Nieruchomosc::sellProperty': cannot access private member declared in class 'Nieruchomosc'
A:\Dysk Google\Studia Materiały Informatyka\Programowanie\II & IV_[C++] Dudek\Filip_Cholewczuk_L4-6\Monopoly\Monopoly\Nieruchomosc.h(34): message : see declaration of 'Nieruchomosc::sellProperty'
A:\Dysk Google\Studia Materiały Informatyka\Programowanie\II & IV_[C++] Dudek\Filip_Cholewczuk_L4-6\Monopoly\Monopoly\Nieruchomosc.h(9): message : see declaration of 'Nieruchomosc'
A:\Dysk Google\Studia Materiały Informatyka\Programowanie\II & IV_[C++] Dudek\Filip_Cholewczuk_L4-6\Monopoly\Monopoly\Bank.h(12,89): error C2248: 'NieruchomoscOgraniczona::sellProperty': cannot access private member declared in class 'NieruchomoscOgraniczona'
A:\Dysk Google\Studia Materiały Informatyka\Programowanie\II & IV_[C++] Dudek\Filip_Cholewczuk_L4-6\Monopoly\Monopoly\NieruchomoscOgraniczona.h(30): message : see declaration of 'NieruchomoscOgraniczona::sellProperty'
A:\Dysk Google\Studia Materiały Informatyka\Programowanie\II & IV_[C++] Dudek\Filip_Cholewczuk_L4-6\Monopoly\Monopoly\NieruchomoscOgraniczona.h(8): message : see declaration of 'NieruchomoscOgraniczona'
A:\Dysk Google\Studia Materiały Informatyka\Programowanie\II & IV_[C++] Dudek\Filip_Cholewczuk_L4-6\Monopoly\Monopoly\Bank.h(29,2): warning C4091: 'static ': ignored on left of 'Bank' when no variable is declared
  NieruchomoscOgraniczona.cpp
A:\Dysk Google\Studia Materiały Informatyka\Programowanie\II & IV_[C++] Dudek\Filip_Cholewczuk_L4-6\Monopoly\Monopoly\Country.h(26,14): error C2065: 'Property': undeclared identifier
A:\Dysk Google\Studia Materiały Informatyka\Programowanie\II & IV_[C++] Dudek\Filip_Cholewczuk_L4-6\Monopoly\Monopoly\Country.h(26,23): error C2059: syntax error: '>'
A:\Dysk Google\Studia Materiały Informatyka\Programowanie\II & IV_[C++] Dudek\Filip_Cholewczuk_L4-6\Monopoly\Monopoly\Bank.h(11,78): error C2248: 'Nieruchomosc::sellProperty': cannot access private member declared in class 'Nieruchomosc'
A:\Dysk Google\Studia Materiały Informatyka\Programowanie\II & IV_[C++] Dudek\Filip_Cholewczuk_L4-6\Monopoly\Monopoly\Nieruchomosc.h(34): message : see declaration of 'Nieruchomosc::sellProperty'
A:\Dysk Google\Studia Materiały Informatyka\Programowanie\II & IV_[C++] Dudek\Filip_Cholewczuk_L4-6\Monopoly\Monopoly\Nieruchomosc.h(9): message : see declaration of 'Nieruchomosc'
A:\Dysk Google\Studia Materiały Informatyka\Programowanie\II & IV_[C++] Dudek\Filip_Cholewczuk_L4-6\Monopoly\Monopoly\Bank.h(12,89): error C2248: 'NieruchomoscOgraniczona::sellProperty': cannot access private member declared in class 'NieruchomoscOgraniczona'
A:\Dysk Google\Studia Materiały Informatyka\Programowanie\II & IV_[C++] Dudek\Filip_Cholewczuk_L4-6\Monopoly\Monopoly\NieruchomoscOgraniczona.h(30): message : see declaration of 'NieruchomoscOgraniczona::sellProperty'
A:\Dysk Google\Studia Materiały Informatyka\Programowanie\II & IV_[C++] Dudek\Filip_Cholewczuk_L4-6\Monopoly\Monopoly\NieruchomoscOgraniczona.h(8): message : see declaration of 'NieruchomoscOgraniczona'
A:\Dysk Google\Studia Materiały Informatyka\Programowanie\II & IV_[C++] Dudek\Filip_Cholewczuk_L4-6\Monopoly\Monopoly\Bank.h(29,2): warning C4091: 'static ': ignored on left of 'Bank' when no variable is declared
  Player.cpp
A:\Dysk Google\Studia Materiały Informatyka\Programowanie\II & IV_[C++] Dudek\Filip_Cholewczuk_L4-6\Monopoly\Monopoly\Pole.h(17,27): error C2061: syntax error: identifier 'Player'
A:\Dysk Google\Studia Materiały Informatyka\Programowanie\II & IV_[C++] Dudek\Filip_Cholewczuk_L4-6\Monopoly\Monopoly\Country.h(16,8): error C2143: syntax error: missing ';' before '*'
A:\Dysk Google\Studia Materiały Informatyka\Programowanie\II & IV_[C++] Dudek\Filip_Cholewczuk_L4-6\Monopoly\Monopoly\Country.h(16,8): error C4430: missing type specifier - int assumed. Note: C++ does not support default-int
A:\Dysk Google\Studia Materiały Informatyka\Programowanie\II & IV_[C++] Dudek\Filip_Cholewczuk_L4-6\Monopoly\Monopoly\Country.h(16,20): error C2238: unexpected token(s) preceding ';'
A:\Dysk Google\Studia Materiały Informatyka\Programowanie\II & IV_[C++] Dudek\Filip_Cholewczuk_L4-6\Monopoly\Monopoly\Country.h(26,14): error C2065: 'Property': undeclared identifier
A:\Dysk Google\Studia Materiały Informatyka\Programowanie\II & IV_[C++] Dudek\Filip_Cholewczuk_L4-6\Monopoly\Monopoly\Country.h(26,23): error C2059: syntax error: '>'
A:\Dysk Google\Studia Materiały Informatyka\Programowanie\II & IV_[C++] Dudek\Filip_Cholewczuk_L4-6\Monopoly\Monopoly\Country.h(27,8): error C2143: syntax error: missing ';' before '*'
A:\Dysk Google\Studia Materiały Informatyka\Programowanie\II & IV_[C++] Dudek\Filip_Cholewczuk_L4-6\Monopoly\Monopoly\Country.h(27,8): error C4430: missing type specifier - int assumed. Note: C++ does not support default-int
A:\Dysk Google\Studia Materiały Informatyka\Programowanie\II & IV_[C++] Dudek\Filip_Cholewczuk_L4-6\Monopoly\Monopoly\Country.h(27,15): error C2238: unexpected token(s) preceding ';'
A:\Dysk Google\Studia Materiały Informatyka\Programowanie\II & IV_[C++] Dudek\Filip_Cholewczuk_L4-6\Monopoly\Monopoly\Nieruchomosc.h(22,8): error C2143: syntax error: missing ';' before '*'
A:\Dysk Google\Studia Materiały Informatyka\Programowanie\II & IV_[C++] Dudek\Filip_Cholewczuk_L4-6\Monopoly\Monopoly\Nieruchomosc.h(22,8): error C4430: missing type specifier - int assumed. Note: C++ does not support default-int
A:\Dysk Google\Studia Materiały Informatyka\Programowanie\II & IV_[C++] Dudek\Filip_Cholewczuk_L4-6\Monopoly\Monopoly\Nieruchomosc.h(22,50): error C2238: unexpected token(s) preceding ';'
A:\Dysk Google\Studia Materiały Informatyka\Programowanie\II & IV_[C++] Dudek\Filip_Cholewczuk_L4-6\Monopoly\Monopoly\Nieruchomosc.h(23,25): error C2061: syntax error: identifier 'Player'
A:\Dysk Google\Studia Materiały Informatyka\Programowanie\II & IV_[C++] Dudek\Filip_Cholewczuk_L4-6\Monopoly\Monopoly\Nieruchomosc.h(24,21): error C2061: syntax error: identifier 'Player'
A:\Dysk Google\Studia Materiały Informatyka\Programowanie\II & IV_[C++] Dudek\Filip_Cholewczuk_L4-6\Monopoly\Monopoly\Nieruchomosc.h(25,23): error C2061: syntax error: identifier 'Player'
A:\Dysk Google\Studia Materiały Informatyka\Programowanie\II & IV_[C++] Dudek\Filip_Cholewczuk_L4-6\Monopoly\Monopoly\Nieruchomosc.h(34,26): error C2061: syntax error: identifier 'Player'
A:\Dysk Google\Studia Materiały Informatyka\Programowanie\II & IV_[C++] Dudek\Filip_Cholewczuk_L4-6\Monopoly\Monopoly\Nieruchomosc.h(44,8): error C2143: syntax error: missing ';' before '*'
A:\Dysk Google\Studia Materiały Informatyka\Programowanie\II & IV_[C++] Dudek\Filip_Cholewczuk_L4-6\Monopoly\Monopoly\Nieruchomosc.h(44,8): error C4430: missing type specifier - int assumed. Note: C++ does not support default-int
A:\Dysk Google\Studia Materiały Informatyka\Programowanie\II & IV_[C++] Dudek\Filip_Cholewczuk_L4-6\Monopoly\Monopoly\Nieruchomosc.h(44,15): error C2238: unexpected token(s) preceding ';'
A:\Dysk Google\Studia Materiały Informatyka\Programowanie\II & IV_[C++] Dudek\Filip_Cholewczuk_L4-6\Monopoly\Monopoly\NieruchomoscOgraniczona.h(20,8): error C2143: syntax error: missing ';' before '*'
A:\Dysk Google\Studia Materiały Informatyka\Programowanie\II & IV_[C++] Dudek\Filip_Cholewczuk_L4-6\Monopoly\Monopoly\NieruchomoscOgraniczona.h(20,8): error C4430: missing type specifier - int assumed. Note: C++ does not support default-int
A:\Dysk Google\Studia Materiały Informatyka\Programowanie\II & IV_[C++] Dudek\Filip_Cholewczuk_L4-6\Monopoly\Monopoly\NieruchomoscOgraniczona.h(20,50): error C2238: unexpected token(s) preceding ';'
A:\Dysk Google\Studia Materiały Informatyka\Programowanie\II & IV_[C++] Dudek\Filip_Cholewczuk_L4-6\Monopoly\Monopoly\NieruchomoscOgraniczona.h(21,25): error C2061: syntax error: identifier 'Player'
A:\Dysk Google\Studia Materiały Informatyka\Programowanie\II & IV_[C++] Dudek\Filip_Cholewczuk_L4-6\Monopoly\Monopoly\NieruchomoscOgraniczona.h(30,26): error C2061: syntax error: identifier 'Player'
A:\Dysk Google\Studia Materiały Informatyka\Programowanie\II & IV_[C++] Dudek\Filip_Cholewczuk_L4-6\Monopoly\Monopoly\NieruchomoscOgraniczona.h(39,8): error C2143: syntax error: missing ';' before '*'
A:\Dysk Google\Studia Materiały Informatyka\Programowanie\II & IV_[C++] Dudek\Filip_Cholewczuk_L4-6\Monopoly\Monopoly\NieruchomoscOgraniczona.h(39,8): error C4430: missing type specifier - int assumed. Note: C++ does not support default-int
A:\Dysk Google\Studia Materiały Informatyka\Programowanie\II & IV_[C++] Dudek\Filip_Cholewczuk_L4-6\Monopoly\Monopoly\NieruchomoscOgraniczona.h(39,15): error C2238: unexpected token(s) preceding ';'
A:\Dysk Google\Studia Materiały Informatyka\Programowanie\II & IV_[C++] Dudek\Filip_Cholewczuk_L4-6\Monopoly\Monopoly\Bank.h(8,46): error C2061: syntax error: identifier 'Player'
A:\Dysk Google\Studia Materiały Informatyka\Programowanie\II & IV_[C++] Dudek\Filip_Cholewczuk_L4-6\Monopoly\Monopoly\Bank.h(9,57): error C2061: syntax error: identifier 'Player'
A:\Dysk Google\Studia Materiały Informatyka\Programowanie\II & IV_[C++] Dudek\Filip_Cholewczuk_L4-6\Monopoly\Monopoly\Bank.h(11,47): error C2061: syntax error: identifier 'Player'
A:\Dysk Google\Studia Materiały Informatyka\Programowanie\II & IV_[C++] Dudek\Filip_Cholewczuk_L4-6\Monopoly\Monopoly\Bank.h(11,78): error C2248: 'Nieruchomosc::sellProperty': cannot access private member declared in class 'Nieruchomosc'
A:\Dysk Google\Studia Materiały Informatyka\Programowanie\II & IV_[C++] Dudek\Filip_Cholewczuk_L4-6\Monopoly\Monopoly\Nieruchomosc.h(34): message : see declaration of 'Nieruchomosc::sellProperty'
A:\Dysk Google\Studia Materiały Informatyka\Programowanie\II & IV_[C++] Dudek\Filip_Cholewczuk_L4-6\Monopoly\Monopoly\Nieruchomosc.h(9): message : see declaration of 'Nieruchomosc'
A:\Dysk Google\Studia Materiały Informatyka\Programowanie\II & IV_[C++] Dudek\Filip_Cholewczuk_L4-6\Monopoly\Monopoly\Bank.h(12,58): error C2061: syntax error: identifier 'Player'
A:\Dysk Google\Studia Materiały Informatyka\Programowanie\II & IV_[C++] Dudek\Filip_Cholewczuk_L4-6\Monopoly\Monopoly\Bank.h(12,89): error C2248: 'NieruchomoscOgraniczona::sellProperty': cannot access private member declared in class 'NieruchomoscOgraniczona'
A:\Dysk Google\Studia Materiały Informatyka\Programowanie\II & IV_[C++] Dudek\Filip_Cholewczuk_L4-6\Monopoly\Monopoly\NieruchomoscOgraniczona.h(30): message : see declaration of 'NieruchomoscOgraniczona::sellProperty'
A:\Dysk Google\Studia Materiały Informatyka\Programowanie\II & IV_[C++] Dudek\Filip_Cholewczuk_L4-6\Monopoly\Monopoly\NieruchomoscOgraniczona.h(8): message : see declaration of 'NieruchomoscOgraniczona'
A:\Dysk Google\Studia Materiały Informatyka\Programowanie\II & IV_[C++] Dudek\Filip_Cholewczuk_L4-6\Monopoly\Monopoly\Bank.h(17,15): error C2143: syntax error: missing ';' before '*'
A:\Dysk Google\Studia Materiały Informatyka\Programowanie\II & IV_[C++] Dudek\Filip_Cholewczuk_L4-6\Monopoly\Monopoly\Bank.h(17,15): error C2433: 'Player': 'friend' not permitted on data declarations
A:\Dysk Google\Studia Materiały Informatyka\Programowanie\II & IV_[C++] Dudek\Filip_Cholewczuk_L4-6\Monopoly\Monopoly\Bank.h(17,15): error C4430: missing type specifier - int assumed. Note: C++ does not support default-int
A:\Dysk Google\Studia Materiały Informatyka\Programowanie\II & IV_[C++] Dudek\Filip_Cholewczuk_L4-6\Monopoly\Monopoly\Bank.h(17,31): error C2039: 'checkOwnership': is not a member of 'Nieruchomosc'
A:\Dysk Google\Studia Materiały Informatyka\Programowanie\II & IV_[C++] Dudek\Filip_Cholewczuk_L4-6\Monopoly\Monopoly\Nieruchomosc.h(9): message : see declaration of 'Nieruchomosc'
A:\Dysk Google\Studia Materiały Informatyka\Programowanie\II & IV_[C++] Dudek\Filip_Cholewczuk_L4-6\Monopoly\Monopoly\Bank.h(17,71): error C2238: unexpected token(s) preceding ';'
A:\Dysk Google\Studia Materiały Informatyka\Programowanie\II & IV_[C++] Dudek\Filip_Cholewczuk_L4-6\Monopoly\Monopoly\Bank.h(18,15): error C2143: syntax error: missing ';' before '*'
A:\Dysk Google\Studia Materiały Informatyka\Programowanie\II & IV_[C++] Dudek\Filip_Cholewczuk_L4-6\Monopoly\Monopoly\Bank.h(18,15): error C2433: 'Player': 'friend' not permitted on data declarations
A:\Dysk Google\Studia Materiały Informatyka\Programowanie\II & IV_[C++] Dudek\Filip_Cholewczuk_L4-6\Monopoly\Monopoly\Bank.h(18,15): error C4430: missing type specifier - int assumed. Note: C++ does not support default-int
A:\Dysk Google\Studia Materiały Informatyka\Programowanie\II & IV_[C++] Dudek\Filip_Cholewczuk_L4-6\Monopoly\Monopoly\Bank.h(18,42): error C2039: 'checkOwnership': is not a member of 'NieruchomoscOgraniczona'
A:\Dysk Google\Studia Materiały Informatyka\Programowanie\II & IV_[C++] Dudek\Filip_Cholewczuk_L4-6\Monopoly\Monopoly\NieruchomoscOgraniczona.h(8): message : see declaration of 'NieruchomoscOgraniczona'
A:\Dysk Google\Studia Materiały Informatyka\Programowanie\II & IV_[C++] Dudek\Filip_Cholewczuk_L4-6\Monopoly\Monopoly\Bank.h(18,82): error C2238: unexpected token(s) preceding ';'
A:\Dysk Google\Studia Materiały Informatyka\Programowanie\II & IV_[C++] Dudek\Filip_Cholewczuk_L4-6\Monopoly\Monopoly\Bank.h(20,42): error C2061: syntax error: identifier 'Player'
A:\Dysk Google\Studia Materiały Informatyka\Programowanie\II & IV_[C++] Dudek\Filip_Cholewczuk_L4-6\Monopoly\Monopoly\Bank.h(21,44): error C2061: syntax error: identifier 'Player'
A:\Dysk Google\Studia Materiały Informatyka\Programowanie\II & IV_[C++] Dudek\Filip_Cholewczuk_L4-6\Monopoly\Monopoly\Bank.h(25,35): error C2061: syntax error: identifier 'Player'
A:\Dysk Google\Studia Materiały Informatyka\Programowanie\II & IV_[C++] Dudek\Filip_Cholewczuk_L4-6\Monopoly\Monopoly\Bank.h(26,33): error C2061: syntax error: identifier 'Player'
A:\Dysk Google\Studia Materiały Informatyka\Programowanie\II & IV_[C++] Dudek\Filip_Cholewczuk_L4-6\Monopoly\Monopoly\Bank.h(27,34): error C2061: syntax error: identifier 'Player'
A:\Dysk Google\Studia Materiały Informatyka\Programowanie\II & IV_[C++] Dudek\Filip_Cholewczuk_L4-6\Monopoly\Monopoly\Bank.h(29,2): warning C4091: 'static ': ignored on left of 'Bank' when no variable is declared
A:\Dysk Google\Studia Materiały Informatyka\Programowanie\II & IV_[C++] Dudek\Filip_Cholewczuk_L4-6\Monopoly\Monopoly\Offer.h(7,8): error C2143: syntax error: missing ';' before '*'
A:\Dysk Google\Studia Materiały Informatyka\Programowanie\II & IV_[C++] Dudek\Filip_Cholewczuk_L4-6\Monopoly\Monopoly\Offer.h(7,8): error C4430: missing type specifier - int assumed. Note: C++ does not support default-int
A:\Dysk Google\Studia Materiały Informatyka\Programowanie\II & IV_[C++] Dudek\Filip_Cholewczuk_L4-6\Monopoly\Monopoly\Offer.h(7,16): error C2238: unexpected token(s) preceding ';'
A:\Dysk Google\Studia Materiały Informatyka\Programowanie\II & IV_[C++] Dudek\Filip_Cholewczuk_L4-6\Monopoly\Monopoly\Offer.h(8,8): error C2143: syntax error: missing ';' before '*'
A:\Dysk Google\Studia Materiały Informatyka\Programowanie\II & IV_[C++] Dudek\Filip_Cholewczuk_L4-6\Monopoly\Monopoly\Offer.h(8,8): error C4430: missing type specifier - int assumed. Note: C++ does not support default-int
A:\Dysk Google\Studia Materiały Informatyka\Programowanie\II & IV_[C++] Dudek\Filip_Cholewczuk_L4-6\Monopoly\Monopoly\Offer.h(8,15): error C2238: unexpected token(s) preceding ';'
  PoleUsluga.cpp
A:\Dysk Google\Studia Materiały Informatyka\Programowanie\II & IV_[C++] Dudek\Filip_Cholewczuk_L4-6\Monopoly\Monopoly\Country.h(11,46): error C2065: 'Pole': undeclared identifier
A:\Dysk Google\Studia Materiały Informatyka\Programowanie\II & IV_[C++] Dudek\Filip_Cholewczuk_L4-6\Monopoly\Monopoly\Country.h(11,83): error C2059: syntax error: '>'
A:\Dysk Google\Studia Materiały Informatyka\Programowanie\II & IV_[C++] Dudek\Filip_Cholewczuk_L4-6\Monopoly\Monopoly\Country.h(16,8): error C2143: syntax error: missing ';' before '*'
A:\Dysk Google\Studia Materiały Informatyka\Programowanie\II & IV_[C++] Dudek\Filip_Cholewczuk_L4-6\Monopoly\Monopoly\Country.h(16,8): error C4430: missing type specifier - int assumed. Note: C++ does not support default-int
A:\Dysk Google\Studia Materiały Informatyka\Programowanie\II & IV_[C++] Dudek\Filip_Cholewczuk_L4-6\Monopoly\Monopoly\Country.h(16,20): error C2238: unexpected token(s) preceding ';'
A:\Dysk Google\Studia Materiały Informatyka\Programowanie\II & IV_[C++] Dudek\Filip_Cholewczuk_L4-6\Monopoly\Monopoly\Country.h(26,14): error C2065: 'Property': undeclared identifier
A:\Dysk Google\Studia Materiały Informatyka\Programowanie\II & IV_[C++] Dudek\Filip_Cholewczuk_L4-6\Monopoly\Monopoly\Country.h(26,23): error C2059: syntax error: '>'
A:\Dysk Google\Studia Materiały Informatyka\Programowanie\II & IV_[C++] Dudek\Filip_Cholewczuk_L4-6\Monopoly\Monopoly\Country.h(27,8): error C2143: syntax error: missing ';' before '*'
A:\Dysk Google\Studia Materiały Informatyka\Programowanie\II & IV_[C++] Dudek\Filip_Cholewczuk_L4-6\Monopoly\Monopoly\Country.h(27,8): error C4430: missing type specifier - int assumed. Note: C++ does not support default-int
A:\Dysk Google\Studia Materiały Informatyka\Programowanie\II & IV_[C++] Dudek\Filip_Cholewczuk_L4-6\Monopoly\Monopoly\Country.h(27,15): error C2238: unexpected token(s) preceding ';'
A:\Dysk Google\Studia Materiały Informatyka\Programowanie\II & IV_[C++] Dudek\Filip_Cholewczuk_L4-6\Monopoly\Monopoly\Nieruchomosc.h(22,8): error C2143: syntax error: missing ';' before '*'
A:\Dysk Google\Studia Materiały Informatyka\Programowanie\II & IV_[C++] Dudek\Filip_Cholewczuk_L4-6\Monopoly\Monopoly\Nieruchomosc.h(22,8): error C4430: missing type specifier - int assumed. Note: C++ does not support default-int
A:\Dysk Google\Studia Materiały Informatyka\Programowanie\II & IV_[C++] Dudek\Filip_Cholewczuk_L4-6\Monopoly\Monopoly\Nieruchomosc.h(22,50): error C2238: unexpected token(s) preceding ';'
A:\Dysk Google\Studia Materiały Informatyka\Programowanie\II & IV_[C++] Dudek\Filip_Cholewczuk_L4-6\Monopoly\Monopoly\Nieruchomosc.h(23,25): error C2061: syntax error: identifier 'Player'
A:\Dysk Google\Studia Materiały Informatyka\Programowanie\II & IV_[C++] Dudek\Filip_Cholewczuk_L4-6\Monopoly\Monopoly\Nieruchomosc.h(24,21): error C2061: syntax error: identifier 'Player'
A:\Dysk Google\Studia Materiały Informatyka\Programowanie\II & IV_[C++] Dudek\Filip_Cholewczuk_L4-6\Monopoly\Monopoly\Nieruchomosc.h(25,23): error C2061: syntax error: identifier 'Player'
A:\Dysk Google\Studia Materiały Informatyka\Programowanie\II & IV_[C++] Dudek\Filip_Cholewczuk_L4-6\Monopoly\Monopoly\Nieruchomosc.h(34,26): error C2061: syntax error: identifier 'Player'
A:\Dysk Google\Studia Materiały Informatyka\Programowanie\II & IV_[C++] Dudek\Filip_Cholewczuk_L4-6\Monopoly\Monopoly\Nieruchomosc.h(44,8): error C2143: syntax error: missing ';' before '*'
A:\Dysk Google\Studia Materiały Informatyka\Programowanie\II & IV_[C++] Dudek\Filip_Cholewczuk_L4-6\Monopoly\Monopoly\Nieruchomosc.h(44,8): error C4430: missing type specifier - int assumed. Note: C++ does not support default-int
A:\Dysk Google\Studia Materiały Informatyka\Programowanie\II & IV_[C++] Dudek\Filip_Cholewczuk_L4-6\Monopoly\Monopoly\Nieruchomosc.h(44,15): error C2238: unexpected token(s) preceding ';'
A:\Dysk Google\Studia Materiały Informatyka\Programowanie\II & IV_[C++] Dudek\Filip_Cholewczuk_L4-6\Monopoly\Monopoly\NieruchomoscOgraniczona.h(20,8): error C2143: syntax error: missing ';' before '*'
A:\Dysk Google\Studia Materiały Informatyka\Programowanie\II & IV_[C++] Dudek\Filip_Cholewczuk_L4-6\Monopoly\Monopoly\NieruchomoscOgraniczona.h(20,8): error C4430: missing type specifier - int assumed. Note: C++ does not support default-int
A:\Dysk Google\Studia Materiały Informatyka\Programowanie\II & IV_[C++] Dudek\Filip_Cholewczuk_L4-6\Monopoly\Monopoly\NieruchomoscOgraniczona.h(20,50): error C2238: unexpected token(s) preceding ';'
A:\Dysk Google\Studia Materiały Informatyka\Programowanie\II & IV_[C++] Dudek\Filip_Cholewczuk_L4-6\Monopoly\Monopoly\NieruchomoscOgraniczona.h(21,25): error C2061: syntax error: identifier 'Player'
A:\Dysk Google\Studia Materiały Informatyka\Programowanie\II & IV_[C++] Dudek\Filip_Cholewczuk_L4-6\Monopoly\Monopoly\NieruchomoscOgraniczona.h(30,26): error C2061: syntax error: identifier 'Player'
A:\Dysk Google\Studia Materiały Informatyka\Programowanie\II & IV_[C++] Dudek\Filip_Cholewczuk_L4-6\Monopoly\Monopoly\NieruchomoscOgraniczona.h(39,8): error C2143: syntax error: missing ';' before '*'
A:\Dysk Google\Studia Materiały Informatyka\Programowanie\II & IV_[C++] Dudek\Filip_Cholewczuk_L4-6\Monopoly\Monopoly\NieruchomoscOgraniczona.h(39,8): error C4430: missing type specifier - int assumed. Note: C++ does not support default-int
A:\Dysk Google\Studia Materiały Informatyka\Programowanie\II & IV_[C++] Dudek\Filip_Cholewczuk_L4-6\Monopoly\Monopoly\NieruchomoscOgraniczona.h(39,15): error C2238: unexpected token(s) preceding ';'
A:\Dysk Google\Studia Materiały Informatyka\Programowanie\II & IV_[C++] Dudek\Filip_Cholewczuk_L4-6\Monopoly\Monopoly\Bank.h(8,46): error C2061: syntax error: identifier 'Player'
A:\Dysk Google\Studia Materiały Informatyka\Programowanie\II & IV_[C++] Dudek\Filip_Cholewczuk_L4-6\Monopoly\Monopoly\Bank.h(9,57): error C2061: syntax error: identifier 'Player'
A:\Dysk Google\Studia Materiały Informatyka\Programowanie\II & IV_[C++] Dudek\Filip_Cholewczuk_L4-6\Monopoly\Monopoly\Bank.h(11,47): error C2061: syntax error: identifier 'Player'
A:\Dysk Google\Studia Materiały Informatyka\Programowanie\II & IV_[C++] Dudek\Filip_Cholewczuk_L4-6\Monopoly\Monopoly\Bank.h(11,78): error C2248: 'Nieruchomosc::sellProperty': cannot access private member declared in class 'Nieruchomosc'
A:\Dysk Google\Studia Materiały Informatyka\Programowanie\II & IV_[C++] Dudek\Filip_Cholewczuk_L4-6\Monopoly\Monopoly\Nieruchomosc.h(34): message : see declaration of 'Nieruchomosc::sellProperty'
A:\Dysk Google\Studia Materiały Informatyka\Programowanie\II & IV_[C++] Dudek\Filip_Cholewczuk_L4-6\Monopoly\Monopoly\Nieruchomosc.h(9): message : see declaration of 'Nieruchomosc'
A:\Dysk Google\Studia Materiały Informatyka\Programowanie\II & IV_[C++] Dudek\Filip_Cholewczuk_L4-6\Monopoly\Monopoly\Bank.h(12,58): error C2061: syntax error: identifier 'Player'
A:\Dysk Google\Studia Materiały Informatyka\Programowanie\II & IV_[C++] Dudek\Filip_Cholewczuk_L4-6\Monopoly\Monopoly\Bank.h(12,89): error C2248: 'NieruchomoscOgraniczona::sellProperty': cannot access private member declared in class 'NieruchomoscOgraniczona'
A:\Dysk Google\Studia Materiały Informatyka\Programowanie\II & IV_[C++] Dudek\Filip_Cholewczuk_L4-6\Monopoly\Monopoly\NieruchomoscOgraniczona.h(30): message : see declaration of 'NieruchomoscOgraniczona::sellProperty'
A:\Dysk Google\Studia Materiały Informatyka\Programowanie\II & IV_[C++] Dudek\Filip_Cholewczuk_L4-6\Monopoly\Monopoly\NieruchomoscOgraniczona.h(8): message : see declaration of 'NieruchomoscOgraniczona'
A:\Dysk Google\Studia Materiały Informatyka\Programowanie\II & IV_[C++] Dudek\Filip_Cholewczuk_L4-6\Monopoly\Monopoly\Bank.h(17,15): error C2143: syntax error: missing ';' before '*'
A:\Dysk Google\Studia Materiały Informatyka\Programowanie\II & IV_[C++] Dudek\Filip_Cholewczuk_L4-6\Monopoly\Monopoly\Bank.h(17,15): error C2433: 'Player': 'friend' not permitted on data declarations
A:\Dysk Google\Studia Materiały Informatyka\Programowanie\II & IV_[C++] Dudek\Filip_Cholewczuk_L4-6\Monopoly\Monopoly\Bank.h(17,15): error C4430: missing type specifier - int assumed. Note: C++ does not support default-int
A:\Dysk Google\Studia Materiały Informatyka\Programowanie\II & IV_[C++] Dudek\Filip_Cholewczuk_L4-6\Monopoly\Monopoly\Bank.h(17,31): error C2039: 'checkOwnership': is not a member of 'Nieruchomosc'
A:\Dysk Google\Studia Materiały Informatyka\Programowanie\II & IV_[C++] Dudek\Filip_Cholewczuk_L4-6\Monopoly\Monopoly\Nieruchomosc.h(9): message : see declaration of 'Nieruchomosc'
A:\Dysk Google\Studia Materiały Informatyka\Programowanie\II & IV_[C++] Dudek\Filip_Cholewczuk_L4-6\Monopoly\Monopoly\Bank.h(17,71): error C2238: unexpected token(s) preceding ';'
A:\Dysk Google\Studia Materiały Informatyka\Programowanie\II & IV_[C++] Dudek\Filip_Cholewczuk_L4-6\Monopoly\Monopoly\Bank.h(18,15): error C2143: syntax error: missing ';' before '*'
A:\Dysk Google\Studia Materiały Informatyka\Programowanie\II & IV_[C++] Dudek\Filip_Cholewczuk_L4-6\Monopoly\Monopoly\Bank.h(18,15): error C2433: 'Player': 'friend' not permitted on data declarations
A:\Dysk Google\Studia Materiały Informatyka\Programowanie\II & IV_[C++] Dudek\Filip_Cholewczuk_L4-6\Monopoly\Monopoly\Bank.h(18,15): error C4430: missing type specifier - int assumed. Note: C++ does not support default-int
A:\Dysk Google\Studia Materiały Informatyka\Programowanie\II & IV_[C++] Dudek\Filip_Cholewczuk_L4-6\Monopoly\Monopoly\Bank.h(18,42): error C2039: 'checkOwnership': is not a member of 'NieruchomoscOgraniczona'
A:\Dysk Google\Studia Materiały Informatyka\Programowanie\II & IV_[C++] Dudek\Filip_Cholewczuk_L4-6\Monopoly\Monopoly\NieruchomoscOgraniczona.h(8): message : see declaration of 'NieruchomoscOgraniczona'
A:\Dysk Google\Studia Materiały Informatyka\Programowanie\II & IV_[C++] Dudek\Filip_Cholewczuk_L4-6\Monopoly\Monopoly\Bank.h(18,82): error C2238: unexpected token(s) preceding ';'
A:\Dysk Google\Studia Materiały Informatyka\Programowanie\II & IV_[C++] Dudek\Filip_Cholewczuk_L4-6\Monopoly\Monopoly\Bank.h(20,42): error C2061: syntax error: identifier 'Player'
A:\Dysk Google\Studia Materiały Informatyka\Programowanie\II & IV_[C++] Dudek\Filip_Cholewczuk_L4-6\Monopoly\Monopoly\Bank.h(21,44): error C2061: syntax error: identifier 'Player'
A:\Dysk Google\Studia Materiały Informatyka\Programowanie\II & IV_[C++] Dudek\Filip_Cholewczuk_L4-6\Monopoly\Monopoly\Bank.h(25,35): error C2061: syntax error: identifier 'Player'
A:\Dysk Google\Studia Materiały Informatyka\Programowanie\II & IV_[C++] Dudek\Filip_Cholewczuk_L4-6\Monopoly\Monopoly\Bank.h(26,33): error C2061: syntax error: identifier 'Player'
A:\Dysk Google\Studia Materiały Informatyka\Programowanie\II & IV_[C++] Dudek\Filip_Cholewczuk_L4-6\Monopoly\Monopoly\Bank.h(27,34): error C2061: syntax error: identifier 'Player'
A:\Dysk Google\Studia Materiały Informatyka\Programowanie\II & IV_[C++] Dudek\Filip_Cholewczuk_L4-6\Monopoly\Monopoly\Bank.h(29,2): warning C4091: 'static ': ignored on left of 'Bank' when no variable is declared
A:\Dysk Google\Studia Materiały Informatyka\Programowanie\II & IV_[C++] Dudek\Filip_Cholewczuk_L4-6\Monopoly\Monopoly\Pole.h(17,27): error C2061: syntax error: identifier 'Player'
  SetupData.cpp
A:\Dysk Google\Studia Materiały Informatyka\Programowanie\II & IV_[C++] Dudek\Filip_Cholewczuk_L4-6\Monopoly\Monopoly\Country.h(11,46): error C2065: 'Pole': undeclared identifier
A:\Dysk Google\Studia Materiały Informatyka\Programowanie\II & IV_[C++] Dudek\Filip_Cholewczuk_L4-6\Monopoly\Monopoly\Country.h(11,83): error C2059: syntax error: '>'
A:\Dysk Google\Studia Materiały Informatyka\Programowanie\II & IV_[C++] Dudek\Filip_Cholewczuk_L4-6\Monopoly\Monopoly\Country.h(16,8): error C2143: syntax error: missing ';' before '*'
A:\Dysk Google\Studia Materiały Informatyka\Programowanie\II & IV_[C++] Dudek\Filip_Cholewczuk_L4-6\Monopoly\Monopoly\Country.h(16,8): error C4430: missing type specifier - int assumed. Note: C++ does not support default-int
A:\Dysk Google\Studia Materiały Informatyka\Programowanie\II & IV_[C++] Dudek\Filip_Cholewczuk_L4-6\Monopoly\Monopoly\Country.h(16,20): error C2238: unexpected token(s) preceding ';'
A:\Dysk Google\Studia Materiały Informatyka\Programowanie\II & IV_[C++] Dudek\Filip_Cholewczuk_L4-6\Monopoly\Monopoly\Country.h(26,14): error C2065: 'Property': undeclared identifier
A:\Dysk Google\Studia Materiały Informatyka\Programowanie\II & IV_[C++] Dudek\Filip_Cholewczuk_L4-6\Monopoly\Monopoly\Country.h(26,23): error C2059: syntax error: '>'
A:\Dysk Google\Studia Materiały Informatyka\Programowanie\II & IV_[C++] Dudek\Filip_Cholewczuk_L4-6\Monopoly\Monopoly\Country.h(27,8): error C2143: syntax error: missing ';' before '*'
A:\Dysk Google\Studia Materiały Informatyka\Programowanie\II & IV_[C++] Dudek\Filip_Cholewczuk_L4-6\Monopoly\Monopoly\Country.h(27,8): error C4430: missing type specifier - int assumed. Note: C++ does not support default-int
A:\Dysk Google\Studia Materiały Informatyka\Programowanie\II & IV_[C++] Dudek\Filip_Cholewczuk_L4-6\Monopoly\Monopoly\Country.h(27,15): error C2238: unexpected token(s) preceding ';'
A:\Dysk Google\Studia Materiały Informatyka\Programowanie\II & IV_[C++] Dudek\Filip_Cholewczuk_L4-6\Monopoly\Monopoly\NieruchomoscOgraniczona.h(20,8): error C2143: syntax error: missing ';' before '*'
A:\Dysk Google\Studia Materiały Informatyka\Programowanie\II & IV_[C++] Dudek\Filip_Cholewczuk_L4-6\Monopoly\Monopoly\NieruchomoscOgraniczona.h(20,8): error C4430: missing type specifier - int assumed. Note: C++ does not support default-int
A:\Dysk Google\Studia Materiały Informatyka\Programowanie\II & IV_[C++] Dudek\Filip_Cholewczuk_L4-6\Monopoly\Monopoly\NieruchomoscOgraniczona.h(20,50): error C2238: unexpected token(s) preceding ';'
A:\Dysk Google\Studia Materiały Informatyka\Programowanie\II & IV_[C++] Dudek\Filip_Cholewczuk_L4-6\Monopoly\Monopoly\NieruchomoscOgraniczona.h(21,25): error C2061: syntax error: identifier 'Player'
A:\Dysk Google\Studia Materiały Informatyka\Programowanie\II & IV_[C++] Dudek\Filip_Cholewczuk_L4-6\Monopoly\Monopoly\NieruchomoscOgraniczona.h(30,26): error C2061: syntax error: identifier 'Player'
A:\Dysk Google\Studia Materiały Informatyka\Programowanie\II & IV_[C++] Dudek\Filip_Cholewczuk_L4-6\Monopoly\Monopoly\NieruchomoscOgraniczona.h(39,8): error C2143: syntax error: missing ';' before '*'
A:\Dysk Google\Studia Materiały Informatyka\Programowanie\II & IV_[C++] Dudek\Filip_Cholewczuk_L4-6\Monopoly\Monopoly\NieruchomoscOgraniczona.h(39,8): error C4430: missing type specifier - int assumed. Note: C++ does not support default-int
A:\Dysk Google\Studia Materiały Informatyka\Programowanie\II & IV_[C++] Dudek\Filip_Cholewczuk_L4-6\Monopoly\Monopoly\NieruchomoscOgraniczona.h(39,15): error C2238: unexpected token(s) preceding ';'
A:\Dysk Google\Studia Materiały Informatyka\Programowanie\II & IV_[C++] Dudek\Filip_Cholewczuk_L4-6\Monopoly\Monopoly\Bank.h(8,39): error C2653: 'Nieruchomosc': is not a class or namespace name
A:\Dysk Google\Studia Materiały Informatyka\Programowanie\II & IV_[C++] Dudek\Filip_Cholewczuk_L4-6\Monopoly\Monopoly\Bank.h(8,46): error C2061: syntax error: identifier 'Player'
A:\Dysk Google\Studia Materiały Informatyka\Programowanie\II & IV_[C++] Dudek\Filip_Cholewczuk_L4-6\Monopoly\Monopoly\Bank.h(9,57): error C2061: syntax error: identifier 'Player'
A:\Dysk Google\Studia Materiały Informatyka\Programowanie\II & IV_[C++] Dudek\Filip_Cholewczuk_L4-6\Monopoly\Monopoly\Bank.h(11,40): error C2653: 'Nieruchomosc': is not a class or namespace name
A:\Dysk Google\Studia Materiały Informatyka\Programowanie\II & IV_[C++] Dudek\Filip_Cholewczuk_L4-6\Monopoly\Monopoly\Bank.h(11,47): error C2061: syntax error: identifier 'Player'
A:\Dysk Google\Studia Materiały Informatyka\Programowanie\II & IV_[C++] Dudek\Filip_Cholewczuk_L4-6\Monopoly\Monopoly\Bank.h(12,58): error C2061: syntax error: identifier 'Player'
A:\Dysk Google\Studia Materiały Informatyka\Programowanie\II & IV_[C++] Dudek\Filip_Cholewczuk_L4-6\Monopoly\Monopoly\Bank.h(12,89): error C2248: 'NieruchomoscOgraniczona::sellProperty': cannot access private member declared in class 'NieruchomoscOgraniczona'
A:\Dysk Google\Studia Materiały Informatyka\Programowanie\II & IV_[C++] Dudek\Filip_Cholewczuk_L4-6\Monopoly\Monopoly\NieruchomoscOgraniczona.h(30): message : see declaration of 'NieruchomoscOgraniczona::sellProperty'
A:\Dysk Google\Studia Materiały Informatyka\Programowanie\II & IV_[C++] Dudek\Filip_Cholewczuk_L4-6\Monopoly\Monopoly\NieruchomoscOgraniczona.h(8): message : see declaration of 'NieruchomoscOgraniczona'
A:\Dysk Google\Studia Materiały Informatyka\Programowanie\II & IV_[C++] Dudek\Filip_Cholewczuk_L4-6\Monopoly\Monopoly\Bank.h(14,39): error C2653: 'Nieruchomosc': is not a class or namespace name
A:\Dysk Google\Studia Materiały Informatyka\Programowanie\II & IV_[C++] Dudek\Filip_Cholewczuk_L4-6\Monopoly\Monopoly\Bank.h(17,15): error C2143: syntax error: missing ';' before '*'
A:\Dysk Google\Studia Materiały Informatyka\Programowanie\II & IV_[C++] Dudek\Filip_Cholewczuk_L4-6\Monopoly\Monopoly\Bank.h(17,15): error C2433: 'Player': 'friend' not permitted on data declarations
A:\Dysk Google\Studia Materiały Informatyka\Programowanie\II & IV_[C++] Dudek\Filip_Cholewczuk_L4-6\Monopoly\Monopoly\Bank.h(17,15): error C4430: missing type specifier - int assumed. Note: C++ does not support default-int
A:\Dysk Google\Studia Materiały Informatyka\Programowanie\II & IV_[C++] Dudek\Filip_Cholewczuk_L4-6\Monopoly\Monopoly\Bank.h(17,45): error C2653: 'Nieruchomosc': is not a class or namespace name
A:\Dysk Google\Studia Materiały Informatyka\Programowanie\II & IV_[C++] Dudek\Filip_Cholewczuk_L4-6\Monopoly\Monopoly\Bank.h(17,71): error C2238: unexpected token(s) preceding ';'
A:\Dysk Google\Studia Materiały Informatyka\Programowanie\II & IV_[C++] Dudek\Filip_Cholewczuk_L4-6\Monopoly\Monopoly\Bank.h(18,15): error C2143: syntax error: missing ';' before '*'
A:\Dysk Google\Studia Materiały Informatyka\Programowanie\II & IV_[C++] Dudek\Filip_Cholewczuk_L4-6\Monopoly\Monopoly\Bank.h(18,15): error C2433: 'Player': 'friend' not permitted on data declarations
A:\Dysk Google\Studia Materiały Informatyka\Programowanie\II & IV_[C++] Dudek\Filip_Cholewczuk_L4-6\Monopoly\Monopoly\Bank.h(18,15): error C4430: missing type specifier - int assumed. Note: C++ does not support default-int
A:\Dysk Google\Studia Materiały Informatyka\Programowanie\II & IV_[C++] Dudek\Filip_Cholewczuk_L4-6\Monopoly\Monopoly\Bank.h(18,42): error C2039: 'checkOwnership': is not a member of 'NieruchomoscOgraniczona'
A:\Dysk Google\Studia Materiały Informatyka\Programowanie\II & IV_[C++] Dudek\Filip_Cholewczuk_L4-6\Monopoly\Monopoly\NieruchomoscOgraniczona.h(8): message : see declaration of 'NieruchomoscOgraniczona'
A:\Dysk Google\Studia Materiały Informatyka\Programowanie\II & IV_[C++] Dudek\Filip_Cholewczuk_L4-6\Monopoly\Monopoly\Bank.h(18,82): error C2238: unexpected token(s) preceding ';'
A:\Dysk Google\Studia Materiały Informatyka\Programowanie\II & IV_[C++] Dudek\Filip_Cholewczuk_L4-6\Monopoly\Monopoly\Bank.h(20,35): error C2653: 'Nieruchomosc': is not a class or namespace name
A:\Dysk Google\Studia Materiały Informatyka\Programowanie\II & IV_[C++] Dudek\Filip_Cholewczuk_L4-6\Monopoly\Monopoly\Bank.h(20,42): error C2061: syntax error: identifier 'Player'
A:\Dysk Google\Studia Materiały Informatyka\Programowanie\II & IV_[C++] Dudek\Filip_Cholewczuk_L4-6\Monopoly\Monopoly\Bank.h(21,37): error C2653: 'Nieruchomosc': is not a class or namespace name
A:\Dysk Google\Studia Materiały Informatyka\Programowanie\II & IV_[C++] Dudek\Filip_Cholewczuk_L4-6\Monopoly\Monopoly\Bank.h(21,44): error C2061: syntax error: identifier 'Player'
A:\Dysk Google\Studia Materiały Informatyka\Programowanie\II & IV_[C++] Dudek\Filip_Cholewczuk_L4-6\Monopoly\Monopoly\Bank.h(25,35): error C2061: syntax error: identifier 'Player'
A:\Dysk Google\Studia Materiały Informatyka\Programowanie\II & IV_[C++] Dudek\Filip_Cholewczuk_L4-6\Monopoly\Monopoly\Bank.h(26,33): error C2061: syntax error: identifier 'Player'
A:\Dysk Google\Studia Materiały Informatyka\Programowanie\II & IV_[C++] Dudek\Filip_Cholewczuk_L4-6\Monopoly\Monopoly\Bank.h(27,34): error C2061: syntax error: identifier 'Player'
A:\Dysk Google\Studia Materiały Informatyka\Programowanie\II & IV_[C++] Dudek\Filip_Cholewczuk_L4-6\Monopoly\Monopoly\Bank.h(29,2): warning C4091: 'static ': ignored on left of 'Bank' when no variable is declared
A:\Dysk Google\Studia Materiały Informatyka\Programowanie\II & IV_[C++] Dudek\Filip_Cholewczuk_L4-6\Monopoly\Monopoly\Pole.h(17,27): error C2061: syntax error: identifier 'Player'
A:\Dysk Google\Studia Materiały Informatyka\Programowanie\II & IV_[C++] Dudek\Filip_Cholewczuk_L4-6\Monopoly\Monopoly\Nieruchomosc.h(22,8): error C2143: syntax error: missing ';' before '*'
A:\Dysk Google\Studia Materiały Informatyka\Programowanie\II & IV_[C++] Dudek\Filip_Cholewczuk_L4-6\Monopoly\Monopoly\Nieruchomosc.h(22,8): error C4430: missing type specifier - int assumed. Note: C++ does not support default-int
A:\Dysk Google\Studia Materiały Informatyka\Programowanie\II & IV_[C++] Dudek\Filip_Cholewczuk_L4-6\Monopoly\Monopoly\Nieruchomosc.h(22,50): error C2238: unexpected token(s) preceding ';'
A:\Dysk Google\Studia Materiały Informatyka\Programowanie\II & IV_[C++] Dudek\Filip_Cholewczuk_L4-6\Monopoly\Monopoly\Nieruchomosc.h(23,25): error C2061: syntax error: identifier 'Player'
A:\Dysk Google\Studia Materiały Informatyka\Programowanie\II & IV_[C++] Dudek\Filip_Cholewczuk_L4-6\Monopoly\Monopoly\Nieruchomosc.h(24,21): error C2061: syntax error: identifier 'Player'
A:\Dysk Google\Studia Materiały Informatyka\Programowanie\II & IV_[C++] Dudek\Filip_Cholewczuk_L4-6\Monopoly\Monopoly\Nieruchomosc.h(25,23): error C2061: syntax error: identifier 'Player'
A:\Dysk Google\Studia Materiały Informatyka\Programowanie\II & IV_[C++] Dudek\Filip_Cholewczuk_L4-6\Monopoly\Monopoly\Nieruchomosc.h(34,26): error C2061: syntax error: identifier 'Player'
A:\Dysk Google\Studia Materiały Informatyka\Programowanie\II & IV_[C++] Dudek\Filip_Cholewczuk_L4-6\Monopoly\Monopoly\Nieruchomosc.h(44,8): error C2143: syntax error: missing ';' before '*'
A:\Dysk Google\Studia Materiały Informatyka\Programowanie\II & IV_[C++] Dudek\Filip_Cholewczuk_L4-6\Monopoly\Monopoly\Nieruchomosc.h(44,8): error C4430: missing type specifier - int assumed. Note: C++ does not support default-int
A:\Dysk Google\Studia Materiały Informatyka\Programowanie\II & IV_[C++] Dudek\Filip_Cholewczuk_L4-6\Monopoly\Monopoly\Nieruchomosc.h(44,15): error C2238: unexpected token(s) preceding ';'
A:\Dysk Google\Studia Materiały Informatyka\Programowanie\II & IV_[C++] Dudek\Filip_Cholewczuk_L4-6\Monopoly\Monopoly\SetupData.h(23,2): warning C4091: 'static ': ignored on left of 'SetupData' when no variable is declared
A:\Dysk Google\Studia Materiały Informatyka\Programowanie\II & IV_[C++] Dudek\Filip_Cholewczuk_L4-6\Monopoly\Monopoly\SetupData.cpp(35,36): warning C4267: 'initializing': conversion from 'size_t' to 'unsigned int', possible loss of data
A:\Dysk Google\Studia Materiały Informatyka\Programowanie\II & IV_[C++] Dudek\Filip_Cholewczuk_L4-6\Monopoly\Monopoly\SetupData.cpp(44,44): error C2664: 'void std::vector<Pole *,std::allocator<Pole *>>::push_back(_Ty &&)': cannot convert argument 1 from 'PoleUsluga *' to 'const _Ty &'
          with
          [
              _Ty=Pole *
          ]
A:\Dysk Google\Studia Materiały Informatyka\Programowanie\II & IV_[C++] Dudek\Filip_Cholewczuk_L4-6\Monopoly\Monopoly\SetupData.cpp(44,44): message : Reason: cannot convert from 'PoleUsluga *' to 'const _Ty'
          with
          [
              _Ty=Pole *
          ]
A:\Dysk Google\Studia Materiały Informatyka\Programowanie\II & IV_[C++] Dudek\Filip_Cholewczuk_L4-6\Monopoly\Monopoly\SetupData.cpp(44,38): message : Types pointed to are unrelated; conversion requires reinterpret_cast, C-style cast or function-style cast
A:\Programy\Visual Studio Community\VC\Tools\MSVC\14.25.28610\include\vector(716,10): message : see declaration of 'std::vector<Pole *,std::allocator<Pole *>>::push_back'
A:\Dysk Google\Studia Materiały Informatyka\Programowanie\II & IV_[C++] Dudek\Filip_Cholewczuk_L4-6\Monopoly\Monopoly\SetupData.cpp(49,43): error C2664: 'void std::vector<Pole *,std::allocator<Pole *>>::push_back(_Ty &&)': cannot convert argument 1 from 'NieruchomoscOgraniczona *' to 'const _Ty &'
          with
          [
              _Ty=Pole *
          ]
A:\Dysk Google\Studia Materiały Informatyka\Programowanie\II & IV_[C++] Dudek\Filip_Cholewczuk_L4-6\Monopoly\Monopoly\SetupData.cpp(49,43): message : Reason: cannot convert from 'NieruchomoscOgraniczona *' to 'const _Ty'
          with
          [
              _Ty=Pole *
          ]
A:\Dysk Google\Studia Materiały Informatyka\Programowanie\II & IV_[C++] Dudek\Filip_Cholewczuk_L4-6\Monopoly\Monopoly\SetupData.cpp(49,37): message : Types pointed to are unrelated; conversion requires reinterpret_cast, C-style cast or function-style cast
A:\Programy\Visual Studio Community\VC\Tools\MSVC\14.25.28610\include\vector(716,10): message : see declaration of 'std::vector<Pole *,std::allocator<Pole *>>::push_back'
A:\Dysk Google\Studia Materiały Informatyka\Programowanie\II & IV_[C++] Dudek\Filip_Cholewczuk_L4-6\Monopoly\Monopoly\SetupData.cpp(54,40): error C2664: 'void std::vector<Pole *,std::allocator<Pole *>>::push_back(_Ty &&)': cannot convert argument 1 from 'Nieruchomosc *' to 'const _Ty &'
          with
          [
              _Ty=Pole *
          ]
A:\Dysk Google\Studia Materiały Informatyka\Programowanie\II & IV_[C++] Dudek\Filip_Cholewczuk_L4-6\Monopoly\Monopoly\SetupData.cpp(54,40): message : Reason: cannot convert from 'Nieruchomosc *' to 'const _Ty'
          with
          [
              _Ty=Pole *
          ]
A:\Dysk Google\Studia Materiały Informatyka\Programowanie\II & IV_[C++] Dudek\Filip_Cholewczuk_L4-6\Monopoly\Monopoly\SetupData.cpp(54,34): message : Types pointed to are unrelated; conversion requires reinterpret_cast, C-style cast or function-style cast
A:\Programy\Visual Studio Community\VC\Tools\MSVC\14.25.28610\include\vector(716,10): message : see declaration of 'std::vector<Pole *,std::allocator<Pole *>>::push_back'
A:\Dysk Google\Studia Materiały Informatyka\Programowanie\II & IV_[C++] Dudek\Filip_Cholewczuk_L4-6\Monopoly\Monopoly\SetupData.cpp(78,70): error C2661: 'Nieruchomosc::Nieruchomosc': no overloaded function takes 3 arguments
A:\Dysk Google\Studia Materiały Informatyka\Programowanie\II & IV_[C++] Dudek\Filip_Cholewczuk_L4-6\Monopoly\Monopoly\SetupData.cpp(95,59): error C2248: 'PoleUsluga::PoleUsluga': cannot access private member declared in class 'PoleUsluga'
A:\Dysk Google\Studia Materiały Informatyka\Programowanie\II & IV_[C++] Dudek\Filip_Cholewczuk_L4-6\Monopoly\Monopoly\PoleUsluga.h(25): message : see declaration of 'PoleUsluga::PoleUsluga'
A:\Dysk Google\Studia Materiały Informatyka\Programowanie\II & IV_[C++] Dudek\Filip_Cholewczuk_L4-6\Monopoly\Monopoly\PoleUsluga.h(5): message : see declaration of 'PoleUsluga'
A:\Dysk Google\Studia Materiały Informatyka\Programowanie\II & IV_[C++] Dudek\Filip_Cholewczuk_L4-6\Monopoly\Monopoly\SetupData.cpp(114,88): error C2661: 'NieruchomoscOgraniczona::NieruchomoscOgraniczona': no overloaded function takes 3 arguments
  Generating Code...
