a:\dysk google\studia materiały informatyka\programowanie\ii & iv_[c++] dudek\filip_cholewczuk_l4-5\monopoly\monopoly\x64\debug\vc142.pdb
a:\dysk google\studia materiały informatyka\programowanie\ii & iv_[c++] dudek\filip_cholewczuk_l4-5\monopoly\monopoly\x64\debug\vc142.idb
a:\dysk google\studia materiały informatyka\programowanie\ii & iv_[c++] dudek\filip_cholewczuk_l4-5\monopoly\monopoly\x64\debug\setupdata.obj
a:\dysk google\studia materiały informatyka\programowanie\ii & iv_[c++] dudek\filip_cholewczuk_l4-5\monopoly\monopoly\x64\debug\poleusluga.obj
a:\dysk google\studia materiały informatyka\programowanie\ii & iv_[c++] dudek\filip_cholewczuk_l4-5\monopoly\monopoly\x64\debug\player.obj
a:\dysk google\studia materiały informatyka\programowanie\ii & iv_[c++] dudek\filip_cholewczuk_l4-5\monopoly\monopoly\x64\debug\nieruchomoscograniczona.obj
a:\dysk google\studia materiały informatyka\programowanie\ii & iv_[c++] dudek\filip_cholewczuk_l4-5\monopoly\monopoly\x64\debug\nieruchomosc.obj
a:\dysk google\studia materiały informatyka\programowanie\ii & iv_[c++] dudek\filip_cholewczuk_l4-5\monopoly\monopoly\x64\debug\monopoly.obj
a:\dysk google\studia materiały informatyka\programowanie\ii & iv_[c++] dudek\filip_cholewczuk_l4-6\monopoly\monopoly\x64\debug\vc142.pdb
a:\dysk google\studia materiały informatyka\programowanie\ii & iv_[c++] dudek\filip_cholewczuk_l4-6\monopoly\monopoly\x64\debug\vc142.idb
a:\dysk google\studia materiały informatyka\programowanie\ii & iv_[c++] dudek\filip_cholewczuk_l4-6\monopoly\monopoly\x64\debug\poleusluga.obj
a:\dysk google\studia materiały informatyka\programowanie\ii & iv_[c++] dudek\filip_cholewczuk_l4-6\monopoly\monopoly\x64\debug\player.obj
a:\dysk google\studia materiały informatyka\programowanie\ii & iv_[c++] dudek\filip_cholewczuk_l4-6\monopoly\monopoly\x64\debug\nieruchomosc.obj
a:\dysk google\studia materiały informatyka\programowanie\ii & iv_[c++] dudek\filip_cholewczuk_l4-5\monopoly\x64\debug\monopoly.ilk
a:\dysk google\studia materiały informatyka\programowanie\ii & iv_[c++] dudek\filip_cholewczuk_l4-5\monopoly\x64\debug\monopoly.exe
a:\dysk google\studia materiały informatyka\programowanie\ii & iv_[c++] dudek\filip_cholewczuk_l4-5\monopoly\x64\debug\monopoly.pdb
a:\dysk google\studia materiały informatyka\programowanie\ii & iv_[c++] dudek\filip_cholewczuk_l4-6\monopoly\monopoly\x64\debug\monopoly.obj
a:\dysk google\studia materiały informatyka\programowanie\ii & iv_[c++] dudek\filip_cholewczuk_l4-6\monopoly\monopoly\x64\debug\nieruchomoscograniczona.obj
a:\dysk google\studia materiały informatyka\programowanie\ii & iv_[c++] dudek\filip_cholewczuk_l4-6\monopoly\monopoly\x64\debug\setupdata.obj
a:\dysk google\studia materiały informatyka\programowanie\ii & iv_[c++] dudek\filip_cholewczuk_l4-6\monopoly\monopoly\x64\debug\monopoly.tlog\cl.command.1.tlog
a:\dysk google\studia materiały informatyka\programowanie\ii & iv_[c++] dudek\filip_cholewczuk_l4-6\monopoly\monopoly\x64\debug\monopoly.tlog\cl.read.1.tlog
a:\dysk google\studia materiały informatyka\programowanie\ii & iv_[c++] dudek\filip_cholewczuk_l4-6\monopoly\monopoly\x64\debug\monopoly.tlog\cl.write.1.tlog
a:\dysk google\studia materiały informatyka\programowanie\ii & iv_[c++] dudek\filip_cholewczuk_l4-6\monopoly\monopoly\x64\debug\monopoly.tlog\link.command.1.tlog
a:\dysk google\studia materiały informatyka\programowanie\ii & iv_[c++] dudek\filip_cholewczuk_l4-6\monopoly\monopoly\x64\debug\monopoly.tlog\link.read.1.tlog
a:\dysk google\studia materiały informatyka\programowanie\ii & iv_[c++] dudek\filip_cholewczuk_l4-6\monopoly\monopoly\x64\debug\monopoly.tlog\link.write.1.tlog
